La cantidad de misiones marcadas como Desconocidas son: 3
Misión: APLGalaxyTwo
	Tipo de dispositivo: spacesships
		Estado 'excellent': 0
		Estado 'good': 0
		Estado 'warning': 0
		Estado 'faulty': 0
		Estado 'killed': 0
		Estado 'unknown': 1
Misión: APLOrbitOne
	Tipo de dispositivo: satellites
		Estado 'excellent': 0
		Estado 'good': 0
		Estado 'warning': 0
		Estado 'faulty': 0
		Estado 'killed': 1
		Estado 'unknown': 0
	Tipo de dispositivo: space
		Estado 'excellent': 0
		Estado 'good': 0
		Estado 'warning': 1
		Estado 'faulty': 0
		Estado 'killed': 0
		Estado 'unknown': 0
Misión: APLUnknown
	Tipo de dispositivo: unknown
		Estado 'excellent': 0
		Estado 'good': 0
		Estado 'warning': 0
		Estado 'faulty': 0
		Estado 'killed': 0
		Estado 'unknown': 3
Misión: APLVacMars
	Tipo de dispositivo: satellites
		Estado 'excellent': 0
		Estado 'good': 0
		Estado 'warning': 0
		Estado 'faulty': 1
		Estado 'killed': 0
		Estado 'unknown': 0
