La cantidad de misiones marcadas como Desconocidas son: 2
Misión: APLColonyMoon
	Tipo de dispositivo: space
		Estado 'excellent': 0
		Estado 'good': 1
		Estado 'warning': 0
		Estado 'faulty': 0
		Estado 'killed': 0
		Estado 'unknown': 1
	Tipo de dispositivo: spacesships
		Estado 'excellent': 0
		Estado 'good': 1
		Estado 'warning': 0
		Estado 'faulty': 0
		Estado 'killed': 0
		Estado 'unknown': 1
Misión: APLOrbitOne
	Tipo de dispositivo: satellites
		Estado 'excellent': 1
		Estado 'good': 0
		Estado 'warning': 0
		Estado 'faulty': 0
		Estado 'killed': 0
		Estado 'unknown': 0
Misión: APLUnknown
	Tipo de dispositivo: unknown
		Estado 'excellent': 0
		Estado 'good': 0
		Estado 'warning': 0
		Estado 'faulty': 0
		Estado 'killed': 0
		Estado 'unknown': 2
Misión: APLVacMars
	Tipo de dispositivo: spacesships
		Estado 'excellent': 0
		Estado 'good': 1
		Estado 'warning': 0
		Estado 'faulty': 0
		Estado 'killed': 0
		Estado 'unknown': 0
	Tipo de dispositivo: space
		Estado 'excellent': 1
		Estado 'good': 0
		Estado 'warning': 0
		Estado 'faulty': 0
		Estado 'killed': 0
		Estado 'unknown': 0
